2020-05-10 15:39:24.108  INFO 17176 --- [main] c.c.b.BookstoreBackApplication           : Starting BookstoreBackApplication on cCosma-LAP with PID 17176 (D:\Projects\bookstore-back\target\classes started by cCosma in D:\Projects\bookstore-back)
2020-05-10 15:39:24.118  INFO 17176 --- [main] c.c.b.BookstoreBackApplication           : No active profile set, falling back to default profiles: default
2020-05-10 15:39:25.097  INFO 17176 --- [main] .s.d.r.c.RepositoryConfigurationDelegate : Bootstrapping Spring Data repositories in DEFAULT mode.
2020-05-10 15:39:25.151  INFO 17176 --- [main] .s.d.r.c.RepositoryConfigurationDelegate : Finished Spring Data repository scanning in 54ms. Found 1 repository interfaces.
2020-05-10 15:39:25.367  INFO 17176 --- [main] trationDelegate$BeanPostProcessorChecker : Bean 'org.springframework.transaction.annotation.ProxyTransactionManagementConfiguration' of type [org.springframework.transaction.annotation.ProxyTransactionManagementConfiguration$$EnhancerBySpringCGLIB$$637374b9] is not eligible for getting processed by all BeanPostProcessors (for example: not eligible for auto-proxying)
2020-05-10 15:39:25.638  INFO 17176 --- [main] o.s.b.w.embedded.tomcat.TomcatWebServer  : Tomcat initialized with port(s): 8080 (http)
2020-05-10 15:39:25.669  INFO 17176 --- [main] o.apache.catalina.core.StandardService   : Starting service [Tomcat]
2020-05-10 15:39:25.669  INFO 17176 --- [main] org.apache.catalina.core.StandardEngine  : Starting Servlet Engine: Apache Tomcat/9.0.13
2020-05-10 15:39:25.669  INFO 17176 --- [main] o.a.catalina.core.AprLifecycleListener   : The APR based Apache Tomcat Native library which allows optimal performance in production environments was not found on the java.library.path: [D:\devTools\jdk8u202\bin;C:\WINDOWS\Sun\Java\bin;C:\WINDOWS\system32;C:\WINDOWS;C:\WINDOWS\system32;C:\WINDOWS;C:\WINDOWS\System32\Wbem;C:\WINDOWS\System32\WindowsPowerShell\v1.0\;C:\WINDOWS\System32\OpenSSH\;C:\Program Files (x86)\Intel\Intel(R) Management Engine Components\DAL;C:\Program Files\Intel\Intel(R) Management Engine Components\DAL;%MAVEN_HOME%\bin;%CATALINA_HOME%\bin;C:\Program Files\PuTTY\;C:\Program Files\Git\cmd;D:\Programs\nodejs\;C:\Program Files\Intel\WiFi\bin\;C:\Program Files\Common Files\Intel\WirelessCommon\;%JAVA_HOME%\bin;C:\Program Files (x86)\Yarn\bin\;C:\Program Files\MySQL\MySQL Shell 8.0\bin\;D:\Programe\Microsoft VS Code\bin;D:\Programs\JetBrains\IntelliJ IDEA 2019.2.3\bin;;C:\Users\cCosma\AppData\Local\Microsoft\WindowsApps;D:\Maven\maven3.2.2\bin;D:\MakelaarSuite\Java\jre8u202\bin;D:\devTools\ant\ant1.9.3\bin;C:\Users\cCosma\AppData\Roaming\npm;D:\Programs\Microsoft VS Code\bin;C:\Users\cCosma\AppData\Roaming\npm\node_modules\@angular\cli\bin;C:\Users\cCosma\AppData\Local\Yarn\bin;.]
2020-05-10 15:39:25.788  INFO 17176 --- [main] o.a.c.c.C.[Tomcat].[localhost].[/]       : Initializing Spring embedded WebApplicationContext
2020-05-10 15:39:25.788  INFO 17176 --- [main] o.s.web.context.ContextLoader            : Root WebApplicationContext: initialization completed in 1620 ms
2020-05-10 15:39:25.916  INFO 17176 --- [main] com.zaxxer.hikari.HikariDataSource       : HikariPool-1 - Starting...
2020-05-10 15:39:26.084  INFO 17176 --- [main] com.zaxxer.hikari.HikariDataSource       : HikariPool-1 - Start completed.
2020-05-10 15:39:26.116  INFO 17176 --- [main] o.hibernate.jpa.internal.util.LogHelper  : HHH000204: Processing PersistenceUnitInfo [
	name: default
	...]
2020-05-10 15:39:26.240  INFO 17176 --- [main] org.hibernate.Version                    : HHH000412: Hibernate Core {5.3.7.Final}
2020-05-10 15:39:26.240  INFO 17176 --- [main] org.hibernate.cfg.Environment            : HHH000206: hibernate.properties not found
2020-05-10 15:39:26.355  INFO 17176 --- [main] o.hibernate.annotations.common.Version   : HCANN000001: Hibernate Commons Annotations {5.0.1.Final}
2020-05-10 15:39:26.471  INFO 17176 --- [main] org.hibernate.dialect.Dialect            : HHH000400: Using dialect: org.hibernate.dialect.PostgreSQL9Dialect
2020-05-10 15:39:26.596  INFO 17176 --- [main] o.h.e.j.e.i.LobCreatorBuilderImpl        : HHH000421: Disabling contextual LOB creation as hibernate.jdbc.lob.non_contextual_creation is true
2020-05-10 15:39:26.600  INFO 17176 --- [main] org.hibernate.type.BasicTypeRegistry     : HHH000270: Type registration [java.util.UUID] overrides previous : org.hibernate.type.UUIDBinaryType@28a9494b
2020-05-10 15:39:27.025  INFO 17176 --- [main] j.LocalContainerEntityManagerFactoryBean : Initialized JPA EntityManagerFactory for persistence unit 'default'
2020-05-10 15:39:27.280  INFO 17176 --- [main] o.h.h.i.QueryTranslatorFactoryInitiator  : HHH000397: Using ASTQueryTranslatorFactory
2020-05-10 15:39:27.529  WARN 17176 --- [main] aWebConfiguration$JpaWebMvcConfiguration : spring.jpa.open-in-view is enabled by default. Therefore, database queries may be performed during view rendering. Explicitly configure spring.jpa.open-in-view to disable this warning
2020-05-10 15:39:27.627  INFO 17176 --- [main] pertySourcedRequestMappingHandlerMapping : Mapped URL path [/v2/api-docs] onto method [public org.springframework.http.ResponseEntity<springfox.documentation.spring.web.json.Json> springfox.documentation.swagger2.web.Swagger2Controller.getDocumentation(java.lang.String,javax.servlet.http.HttpServletRequest)]
2020-05-10 15:39:27.800  INFO 17176 --- [main] o.s.s.concurrent.ThreadPoolTaskExecutor  : Initializing ExecutorService 'applicationTaskExecutor'
2020-05-10 15:39:27.914  INFO 17176 --- [main] d.s.w.p.DocumentationPluginsBootstrapper : Context refreshed
2020-05-10 15:39:27.931  INFO 17176 --- [main] d.s.w.p.DocumentationPluginsBootstrapper : Found 1 custom documentation plugin(s)
2020-05-10 15:39:27.962  INFO 17176 --- [main] s.d.s.w.s.ApiListingReferenceScanner     : Scanning for api listing references
2020-05-10 15:39:28.125  INFO 17176 --- [main] o.s.b.w.embedded.tomcat.TomcatWebServer  : Tomcat started on port(s): 8080 (http) with context path ''
2020-05-10 15:39:28.125  INFO 17176 --- [main] c.c.b.BookstoreBackApplication           : Started BookstoreBackApplication in 4.583 seconds (JVM running for 6.62)
2020-05-10 15:39:32.928  INFO 17176 --- [http-nio-8080-exec-1] o.a.c.c.C.[Tomcat].[localhost].[/]       : Initializing Spring DispatcherServlet 'dispatcherServlet'
2020-05-10 15:39:32.928  INFO 17176 --- [http-nio-8080-exec-1] o.s.web.servlet.DispatcherServlet        : Initializing Servlet 'dispatcherServlet'
2020-05-10 15:39:32.936  INFO 17176 --- [http-nio-8080-exec-1] o.s.web.servlet.DispatcherServlet        : Completed initialization in 8 ms
2020-05-10 17:04:01.379  WARN 17176 --- [HikariPool-1 housekeeper] com.zaxxer.hikari.pool.HikariPool        : HikariPool-1 - Thread starvation or clock leap detected (housekeeper delta=45m34s955ms727µs300ns).
2020-05-10 18:43:01.230  INFO 10388 --- [main] c.c.b.BookstoreBackApplication           : Starting BookstoreBackApplication on cCosma-LAP with PID 10388 (D:\Projects\bookstore-back\target\classes started by cCosma in D:\Projects\bookstore-back)
2020-05-10 18:43:01.232  INFO 10388 --- [main] c.c.b.BookstoreBackApplication           : No active profile set, falling back to default profiles: default
2020-05-10 18:43:02.689  INFO 10388 --- [main] .s.d.r.c.RepositoryConfigurationDelegate : Bootstrapping Spring Data repositories in DEFAULT mode.
2020-05-10 18:43:02.772  INFO 10388 --- [main] .s.d.r.c.RepositoryConfigurationDelegate : Finished Spring Data repository scanning in 72ms. Found 1 repository interfaces.
2020-05-10 18:43:03.074  INFO 10388 --- [main] trationDelegate$BeanPostProcessorChecker : Bean 'org.springframework.transaction.annotation.ProxyTransactionManagementConfiguration' of type [org.springframework.transaction.annotation.ProxyTransactionManagementConfiguration$$EnhancerBySpringCGLIB$$a6d2ff1] is not eligible for getting processed by all BeanPostProcessors (for example: not eligible for auto-proxying)
2020-05-10 18:43:03.327  INFO 10388 --- [main] o.s.b.w.embedded.tomcat.TomcatWebServer  : Tomcat initialized with port(s): 8080 (http)
2020-05-10 18:43:03.362  INFO 10388 --- [main] o.apache.catalina.core.StandardService   : Starting service [Tomcat]
2020-05-10 18:43:03.362  INFO 10388 --- [main] org.apache.catalina.core.StandardEngine  : Starting Servlet Engine: Apache Tomcat/9.0.13
2020-05-10 18:43:03.367  INFO 10388 --- [main] o.a.catalina.core.AprLifecycleListener   : The APR based Apache Tomcat Native library which allows optimal performance in production environments was not found on the java.library.path: [D:\devTools\jdk8u202\bin;C:\WINDOWS\Sun\Java\bin;C:\WINDOWS\system32;C:\WINDOWS;C:\WINDOWS\system32;C:\WINDOWS;C:\WINDOWS\System32\Wbem;C:\WINDOWS\System32\WindowsPowerShell\v1.0\;C:\WINDOWS\System32\OpenSSH\;C:\Program Files (x86)\Intel\Intel(R) Management Engine Components\DAL;C:\Program Files\Intel\Intel(R) Management Engine Components\DAL;%MAVEN_HOME%\bin;%CATALINA_HOME%\bin;C:\Program Files\PuTTY\;C:\Program Files\Git\cmd;D:\Programs\nodejs\;C:\Program Files\Intel\WiFi\bin\;C:\Program Files\Common Files\Intel\WirelessCommon\;%JAVA_HOME%\bin;C:\Program Files (x86)\Yarn\bin\;C:\Program Files\MySQL\MySQL Shell 8.0\bin\;D:\Programe\Microsoft VS Code\bin;D:\Programs\JetBrains\IntelliJ IDEA 2019.2.3\bin;;C:\Users\cCosma\AppData\Local\Microsoft\WindowsApps;D:\Maven\maven3.2.2\bin;D:\MakelaarSuite\Java\jre8u202\bin;D:\devTools\ant\ant1.9.3\bin;C:\Users\cCosma\AppData\Roaming\npm;D:\Programs\Microsoft VS Code\bin;C:\Users\cCosma\AppData\Roaming\npm\node_modules\@angular\cli\bin;C:\Users\cCosma\AppData\Local\Yarn\bin;.]
2020-05-10 18:43:03.459  INFO 10388 --- [main] o.a.c.c.C.[Tomcat].[localhost].[/]       : Initializing Spring embedded WebApplicationContext
2020-05-10 18:43:03.459  INFO 10388 --- [main] o.s.web.context.ContextLoader            : Root WebApplicationContext: initialization completed in 2186 ms
2020-05-10 18:43:03.613  INFO 10388 --- [main] com.zaxxer.hikari.HikariDataSource       : HikariPool-1 - Starting...
2020-05-10 18:43:03.713  INFO 10388 --- [main] com.zaxxer.hikari.HikariDataSource       : HikariPool-1 - Start completed.
2020-05-10 18:43:03.765  INFO 10388 --- [main] o.hibernate.jpa.internal.util.LogHelper  : HHH000204: Processing PersistenceUnitInfo [
	name: default
	...]
2020-05-10 18:43:03.882  INFO 10388 --- [main] org.hibernate.Version                    : HHH000412: Hibernate Core {5.3.7.Final}
2020-05-10 18:43:03.882  INFO 10388 --- [main] org.hibernate.cfg.Environment            : HHH000206: hibernate.properties not found
2020-05-10 18:43:04.031  INFO 10388 --- [main] o.hibernate.annotations.common.Version   : HCANN000001: Hibernate Commons Annotations {5.0.1.Final}
2020-05-10 18:43:04.150  INFO 10388 --- [main] org.hibernate.dialect.Dialect            : HHH000400: Using dialect: org.hibernate.dialect.PostgreSQL9Dialect
2020-05-10 18:43:04.231  INFO 10388 --- [main] o.h.e.j.e.i.LobCreatorBuilderImpl        : HHH000421: Disabling contextual LOB creation as hibernate.jdbc.lob.non_contextual_creation is true
2020-05-10 18:43:04.238  INFO 10388 --- [main] org.hibernate.type.BasicTypeRegistry     : HHH000270: Type registration [java.util.UUID] overrides previous : org.hibernate.type.UUIDBinaryType@2be21396
2020-05-10 18:43:04.778  INFO 10388 --- [main] j.LocalContainerEntityManagerFactoryBean : Initialized JPA EntityManagerFactory for persistence unit 'default'
2020-05-10 18:43:05.037  INFO 10388 --- [main] o.h.h.i.QueryTranslatorFactoryInitiator  : HHH000397: Using ASTQueryTranslatorFactory
2020-05-10 18:43:05.287  WARN 10388 --- [main] aWebConfiguration$JpaWebMvcConfiguration : spring.jpa.open-in-view is enabled by default. Therefore, database queries may be performed during view rendering. Explicitly configure spring.jpa.open-in-view to disable this warning
2020-05-10 18:43:05.392  INFO 10388 --- [main] pertySourcedRequestMappingHandlerMapping : Mapped URL path [/v2/api-docs] onto method [public org.springframework.http.ResponseEntity<springfox.documentation.spring.web.json.Json> springfox.documentation.swagger2.web.Swagger2Controller.getDocumentation(java.lang.String,javax.servlet.http.HttpServletRequest)]
2020-05-10 18:43:05.542  INFO 10388 --- [main] o.s.s.concurrent.ThreadPoolTaskExecutor  : Initializing ExecutorService 'applicationTaskExecutor'
2020-05-10 18:43:05.788  INFO 10388 --- [main] d.s.w.p.DocumentationPluginsBootstrapper : Context refreshed
2020-05-10 18:43:05.820  INFO 10388 --- [main] d.s.w.p.DocumentationPluginsBootstrapper : Found 1 custom documentation plugin(s)
2020-05-10 18:43:05.873  INFO 10388 --- [main] s.d.s.w.s.ApiListingReferenceScanner     : Scanning for api listing references
2020-05-10 18:43:06.166  INFO 10388 --- [main] o.s.b.w.embedded.tomcat.TomcatWebServer  : Tomcat started on port(s): 8080 (http) with context path ''
2020-05-10 18:43:06.169  INFO 10388 --- [main] c.c.b.BookstoreBackApplication           : Started BookstoreBackApplication in 5.424 seconds (JVM running for 6.581)
2020-05-10 18:43:06.254  INFO 10388 --- [http-nio-8080-exec-1] o.a.c.c.C.[Tomcat].[localhost].[/]       : Initializing Spring DispatcherServlet 'dispatcherServlet'
2020-05-10 18:43:06.254  INFO 10388 --- [http-nio-8080-exec-1] o.s.web.servlet.DispatcherServlet        : Initializing Servlet 'dispatcherServlet'
2020-05-10 18:43:06.264  INFO 10388 --- [http-nio-8080-exec-1] o.s.web.servlet.DispatcherServlet        : Completed initialization in 10 ms
2020-05-10 19:12:41.546  INFO 3176 --- [main] c.c.b.BookstoreBackApplication           : Starting BookstoreBackApplication on cCosma-LAP with PID 3176 (D:\Projects\bookstore-back\target\classes started by cCosma in D:\Projects\bookstore-back)
2020-05-10 19:12:41.556  INFO 3176 --- [main] c.c.b.BookstoreBackApplication           : No active profile set, falling back to default profiles: default
2020-05-10 19:12:42.650  INFO 3176 --- [main] .s.d.r.c.RepositoryConfigurationDelegate : Bootstrapping Spring Data repositories in DEFAULT mode.
2020-05-10 19:12:42.712  INFO 3176 --- [main] .s.d.r.c.RepositoryConfigurationDelegate : Finished Spring Data repository scanning in 47ms. Found 1 repository interfaces.
2020-05-10 19:12:42.950  INFO 3176 --- [main] trationDelegate$BeanPostProcessorChecker : Bean 'org.springframework.transaction.annotation.ProxyTransactionManagementConfiguration' of type [org.springframework.transaction.annotation.ProxyTransactionManagementConfiguration$$EnhancerBySpringCGLIB$$7c4c96d1] is not eligible for getting processed by all BeanPostProcessors (for example: not eligible for auto-proxying)
2020-05-10 19:12:43.166  INFO 3176 --- [main] o.s.b.w.embedded.tomcat.TomcatWebServer  : Tomcat initialized with port(s): 8080 (http)
2020-05-10 19:12:43.182  INFO 3176 --- [main] o.apache.catalina.core.StandardService   : Starting service [Tomcat]
2020-05-10 19:12:43.182  INFO 3176 --- [main] org.apache.catalina.core.StandardEngine  : Starting Servlet Engine: Apache Tomcat/9.0.13
2020-05-10 19:12:43.182  INFO 3176 --- [main] o.a.catalina.core.AprLifecycleListener   : The APR based Apache Tomcat Native library which allows optimal performance in production environments was not found on the java.library.path: [D:\devTools\jdk8u202\bin;C:\WINDOWS\Sun\Java\bin;C:\WINDOWS\system32;C:\WINDOWS;C:\WINDOWS\system32;C:\WINDOWS;C:\WINDOWS\System32\Wbem;C:\WINDOWS\System32\WindowsPowerShell\v1.0\;C:\WINDOWS\System32\OpenSSH\;C:\Program Files (x86)\Intel\Intel(R) Management Engine Components\DAL;C:\Program Files\Intel\Intel(R) Management Engine Components\DAL;%MAVEN_HOME%\bin;%CATALINA_HOME%\bin;C:\Program Files\PuTTY\;C:\Program Files\Git\cmd;D:\Programs\nodejs\;C:\Program Files\Intel\WiFi\bin\;C:\Program Files\Common Files\Intel\WirelessCommon\;%JAVA_HOME%\bin;C:\Program Files (x86)\Yarn\bin\;C:\Program Files\MySQL\MySQL Shell 8.0\bin\;D:\Programe\Microsoft VS Code\bin;D:\Programs\JetBrains\IntelliJ IDEA 2019.2.3\bin;;C:\Users\cCosma\AppData\Local\Microsoft\WindowsApps;D:\Maven\maven3.2.2\bin;D:\MakelaarSuite\Java\jre8u202\bin;D:\devTools\ant\ant1.9.3\bin;C:\Users\cCosma\AppData\Roaming\npm;D:\Programs\Microsoft VS Code\bin;C:\Users\cCosma\AppData\Roaming\npm\node_modules\@angular\cli\bin;C:\Users\cCosma\AppData\Local\Yarn\bin;.]
2020-05-10 19:12:43.267  INFO 3176 --- [main] o.a.c.c.C.[Tomcat].[localhost].[/]       : Initializing Spring embedded WebApplicationContext
2020-05-10 19:12:43.267  INFO 3176 --- [main] o.s.web.context.ContextLoader            : Root WebApplicationContext: initialization completed in 1661 ms
2020-05-10 19:12:43.382  INFO 3176 --- [main] com.zaxxer.hikari.HikariDataSource       : HikariPool-1 - Starting...
2020-05-10 19:12:43.498  INFO 3176 --- [main] com.zaxxer.hikari.HikariDataSource       : HikariPool-1 - Start completed.
2020-05-10 19:12:43.536  INFO 3176 --- [main] o.hibernate.jpa.internal.util.LogHelper  : HHH000204: Processing PersistenceUnitInfo [
	name: default
	...]
2020-05-10 19:12:43.636  INFO 3176 --- [main] org.hibernate.Version                    : HHH000412: Hibernate Core {5.3.7.Final}
2020-05-10 19:12:43.636  INFO 3176 --- [main] org.hibernate.cfg.Environment            : HHH000206: hibernate.properties not found
2020-05-10 19:12:43.748  INFO 3176 --- [main] o.hibernate.annotations.common.Version   : HCANN000001: Hibernate Commons Annotations {5.0.1.Final}
2020-05-10 19:12:43.899  INFO 3176 --- [main] org.hibernate.dialect.Dialect            : HHH000400: Using dialect: org.hibernate.dialect.PostgreSQL9Dialect
2020-05-10 19:12:43.984  INFO 3176 --- [main] o.h.e.j.e.i.LobCreatorBuilderImpl        : HHH000421: Disabling contextual LOB creation as hibernate.jdbc.lob.non_contextual_creation is true
2020-05-10 19:12:43.984  INFO 3176 --- [main] org.hibernate.type.BasicTypeRegistry     : HHH000270: Type registration [java.util.UUID] overrides previous : org.hibernate.type.UUIDBinaryType@58b5a2f3
2020-05-10 19:12:44.438  INFO 3176 --- [main] j.LocalContainerEntityManagerFactoryBean : Initialized JPA EntityManagerFactory for persistence unit 'default'
2020-05-10 19:12:44.685  INFO 3176 --- [main] o.h.h.i.QueryTranslatorFactoryInitiator  : HHH000397: Using ASTQueryTranslatorFactory
2020-05-10 19:12:44.901  WARN 3176 --- [main] aWebConfiguration$JpaWebMvcConfiguration : spring.jpa.open-in-view is enabled by default. Therefore, database queries may be performed during view rendering. Explicitly configure spring.jpa.open-in-view to disable this warning
2020-05-10 19:12:45.001  INFO 3176 --- [main] pertySourcedRequestMappingHandlerMapping : Mapped URL path [/v2/api-docs] onto method [public org.springframework.http.ResponseEntity<springfox.documentation.spring.web.json.Json> springfox.documentation.swagger2.web.Swagger2Controller.getDocumentation(java.lang.String,javax.servlet.http.HttpServletRequest)]
2020-05-10 19:12:45.117  INFO 3176 --- [main] o.s.s.concurrent.ThreadPoolTaskExecutor  : Initializing ExecutorService 'applicationTaskExecutor'
2020-05-10 19:12:45.224  INFO 3176 --- [main] d.s.w.p.DocumentationPluginsBootstrapper : Context refreshed
2020-05-10 19:12:45.240  INFO 3176 --- [main] d.s.w.p.DocumentationPluginsBootstrapper : Found 1 custom documentation plugin(s)
2020-05-10 19:12:45.255  INFO 3176 --- [main] s.d.s.w.s.ApiListingReferenceScanner     : Scanning for api listing references
2020-05-10 19:12:45.440  INFO 3176 --- [main] o.s.b.w.embedded.tomcat.TomcatWebServer  : Tomcat started on port(s): 8080 (http) with context path ''
2020-05-10 19:12:45.440  INFO 3176 --- [main] c.c.b.BookstoreBackApplication           : Started BookstoreBackApplication in 4.361 seconds (JVM running for 5.532)
2020-05-10 19:32:03.860  INFO 3176 --- [http-nio-8080-exec-1] o.a.c.c.C.[Tomcat].[localhost].[/]       : Initializing Spring DispatcherServlet 'dispatcherServlet'
2020-05-10 19:32:03.860  INFO 3176 --- [http-nio-8080-exec-1] o.s.web.servlet.DispatcherServlet        : Initializing Servlet 'dispatcherServlet'
2020-05-10 19:32:03.872  INFO 3176 --- [http-nio-8080-exec-1] o.s.web.servlet.DispatcherServlet        : Completed initialization in 11 ms
2020-05-10 19:32:47.916  INFO 924 --- [main] c.c.b.BookstoreBackApplication           : Starting BookstoreBackApplication on cCosma-LAP with PID 924 (D:\Projects\bookstore-back\target\classes started by cCosma in D:\Projects\bookstore-back)
2020-05-10 19:32:47.926  INFO 924 --- [main] c.c.b.BookstoreBackApplication           : No active profile set, falling back to default profiles: default
2020-05-10 19:32:48.836  INFO 924 --- [main] .s.d.r.c.RepositoryConfigurationDelegate : Bootstrapping Spring Data repositories in DEFAULT mode.
2020-05-10 19:32:48.883  INFO 924 --- [main] .s.d.r.c.RepositoryConfigurationDelegate : Finished Spring Data repository scanning in 31ms. Found 1 repository interfaces.
2020-05-10 19:32:49.122  INFO 924 --- [main] trationDelegate$BeanPostProcessorChecker : Bean 'org.springframework.transaction.annotation.ProxyTransactionManagementConfiguration' of type [org.springframework.transaction.annotation.ProxyTransactionManagementConfiguration$$EnhancerBySpringCGLIB$$a554a5f2] is not eligible for getting processed by all BeanPostProcessors (for example: not eligible for auto-proxying)
2020-05-10 19:32:49.322  INFO 924 --- [main] o.s.b.w.embedded.tomcat.TomcatWebServer  : Tomcat initialized with port(s): 8080 (http)
2020-05-10 19:32:49.338  INFO 924 --- [main] o.apache.catalina.core.StandardService   : Starting service [Tomcat]
2020-05-10 19:32:49.338  INFO 924 --- [main] org.apache.catalina.core.StandardEngine  : Starting Servlet Engine: Apache Tomcat/9.0.13
2020-05-10 19:32:49.353  INFO 924 --- [main] o.a.catalina.core.AprLifecycleListener   : The APR based Apache Tomcat Native library which allows optimal performance in production environments was not found on the java.library.path: [D:\devTools\jdk8u202\bin;C:\WINDOWS\Sun\Java\bin;C:\WINDOWS\system32;C:\WINDOWS;C:\WINDOWS\system32;C:\WINDOWS;C:\WINDOWS\System32\Wbem;C:\WINDOWS\System32\WindowsPowerShell\v1.0\;C:\WINDOWS\System32\OpenSSH\;C:\Program Files (x86)\Intel\Intel(R) Management Engine Components\DAL;C:\Program Files\Intel\Intel(R) Management Engine Components\DAL;%MAVEN_HOME%\bin;%CATALINA_HOME%\bin;C:\Program Files\PuTTY\;C:\Program Files\Git\cmd;D:\Programs\nodejs\;C:\Program Files\Intel\WiFi\bin\;C:\Program Files\Common Files\Intel\WirelessCommon\;%JAVA_HOME%\bin;C:\Program Files (x86)\Yarn\bin\;C:\Program Files\MySQL\MySQL Shell 8.0\bin\;D:\Programe\Microsoft VS Code\bin;D:\Programs\JetBrains\IntelliJ IDEA 2019.2.3\bin;;C:\Users\cCosma\AppData\Local\Microsoft\WindowsApps;D:\Maven\maven3.2.2\bin;D:\MakelaarSuite\Java\jre8u202\bin;D:\devTools\ant\ant1.9.3\bin;C:\Users\cCosma\AppData\Roaming\npm;D:\Programs\Microsoft VS Code\bin;C:\Users\cCosma\AppData\Roaming\npm\node_modules\@angular\cli\bin;C:\Users\cCosma\AppData\Local\Yarn\bin;.]
2020-05-10 19:32:49.438  INFO 924 --- [main] o.a.c.c.C.[Tomcat].[localhost].[/]       : Initializing Spring embedded WebApplicationContext
2020-05-10 19:32:49.438  INFO 924 --- [main] o.s.web.context.ContextLoader            : Root WebApplicationContext: initialization completed in 1442 ms
2020-05-10 19:32:49.554  INFO 924 --- [main] com.zaxxer.hikari.HikariDataSource       : HikariPool-1 - Starting...
2020-05-10 19:32:49.654  INFO 924 --- [main] com.zaxxer.hikari.HikariDataSource       : HikariPool-1 - Start completed.
2020-05-10 19:32:49.685  INFO 924 --- [main] o.hibernate.jpa.internal.util.LogHelper  : HHH000204: Processing PersistenceUnitInfo [
	name: default
	...]
2020-05-10 19:32:49.824  INFO 924 --- [main] org.hibernate.Version                    : HHH000412: Hibernate Core {5.3.7.Final}
2020-05-10 19:32:49.826  INFO 924 --- [main] org.hibernate.cfg.Environment            : HHH000206: hibernate.properties not found
2020-05-10 19:32:49.924  INFO 924 --- [main] o.hibernate.annotations.common.Version   : HCANN000001: Hibernate Commons Annotations {5.0.1.Final}
2020-05-10 19:32:50.055  INFO 924 --- [main] org.hibernate.dialect.Dialect            : HHH000400: Using dialect: org.hibernate.dialect.PostgreSQL9Dialect
2020-05-10 19:32:50.140  INFO 924 --- [main] o.h.e.j.e.i.LobCreatorBuilderImpl        : HHH000421: Disabling contextual LOB creation as hibernate.jdbc.lob.non_contextual_creation is true
2020-05-10 19:32:50.155  INFO 924 --- [main] org.hibernate.type.BasicTypeRegistry     : HHH000270: Type registration [java.util.UUID] overrides previous : org.hibernate.type.UUIDBinaryType@6d67f5eb
2020-05-10 19:32:50.610  INFO 924 --- [main] j.LocalContainerEntityManagerFactoryBean : Initialized JPA EntityManagerFactory for persistence unit 'default'
2020-05-10 19:32:50.874  INFO 924 --- [main] o.h.h.i.QueryTranslatorFactoryInitiator  : HHH000397: Using ASTQueryTranslatorFactory
2020-05-10 19:32:51.110  WARN 924 --- [main] aWebConfiguration$JpaWebMvcConfiguration : spring.jpa.open-in-view is enabled by default. Therefore, database queries may be performed during view rendering. Explicitly configure spring.jpa.open-in-view to disable this warning
2020-05-10 19:32:51.211  INFO 924 --- [main] pertySourcedRequestMappingHandlerMapping : Mapped URL path [/v2/api-docs] onto method [public org.springframework.http.ResponseEntity<springfox.documentation.spring.web.json.Json> springfox.documentation.swagger2.web.Swagger2Controller.getDocumentation(java.lang.String,javax.servlet.http.HttpServletRequest)]
2020-05-10 19:32:51.342  INFO 924 --- [main] o.s.s.concurrent.ThreadPoolTaskExecutor  : Initializing ExecutorService 'applicationTaskExecutor'
2020-05-10 19:32:51.458  INFO 924 --- [main] d.s.w.p.DocumentationPluginsBootstrapper : Context refreshed
2020-05-10 19:32:51.474  INFO 924 --- [main] d.s.w.p.DocumentationPluginsBootstrapper : Found 1 custom documentation plugin(s)
2020-05-10 19:32:51.489  INFO 924 --- [main] s.d.s.w.s.ApiListingReferenceScanner     : Scanning for api listing references
2020-05-10 19:32:51.674  INFO 924 --- [main] o.s.b.w.embedded.tomcat.TomcatWebServer  : Tomcat started on port(s): 8080 (http) with context path ''
2020-05-10 19:32:51.674  INFO 924 --- [main] c.c.b.BookstoreBackApplication           : Started BookstoreBackApplication in 4.181 seconds (JVM running for 5.375)
2020-05-10 19:32:55.795  INFO 924 --- [http-nio-8080-exec-1] o.a.c.c.C.[Tomcat].[localhost].[/]       : Initializing Spring DispatcherServlet 'dispatcherServlet'
2020-05-10 19:32:55.795  INFO 924 --- [http-nio-8080-exec-1] o.s.web.servlet.DispatcherServlet        : Initializing Servlet 'dispatcherServlet'
2020-05-10 19:32:55.806  INFO 924 --- [http-nio-8080-exec-1] o.s.web.servlet.DispatcherServlet        : Completed initialization in 11 ms
2020-05-10 20:22:04.885  INFO 924 --- [http-nio-8080-exec-9] c.c.b.controllers.BookController         : OK: Books return with succes.
2020-05-10 20:22:08.573  INFO 924 --- [http-nio-8080-exec-1] c.c.b.controllers.BookController         : OK: Books return with succes.
2020-05-10 20:22:28.869  INFO 924 --- [http-nio-8080-exec-2] c.c.b.controllers.BookController         : OK: Books return with succes.
2020-05-10 20:23:20.726  INFO 924 --- [http-nio-8080-exec-3] c.c.b.controllers.BookController         : OK: Books return with succes.
2020-05-10 20:24:39.998  INFO 924 --- [http-nio-8080-exec-3] c.c.b.controllers.BookController         : OK: Books return with succes.
2020-05-10 20:25:44.360  INFO 19344 --- [main] c.c.b.BookstoreBackApplication           : Starting BookstoreBackApplication on cCosma-LAP with PID 19344 (D:\Projects\bookstore-back\target\classes started by cCosma in D:\Projects\bookstore-back)
2020-05-10 20:25:44.365  INFO 19344 --- [main] c.c.b.BookstoreBackApplication           : No active profile set, falling back to default profiles: default
2020-05-10 20:25:45.324  INFO 19344 --- [main] .s.d.r.c.RepositoryConfigurationDelegate : Bootstrapping Spring Data repositories in DEFAULT mode.
2020-05-10 20:25:45.380  INFO 19344 --- [main] .s.d.r.c.RepositoryConfigurationDelegate : Finished Spring Data repository scanning in 56ms. Found 1 repository interfaces.
2020-05-10 20:25:45.622  INFO 19344 --- [main] trationDelegate$BeanPostProcessorChecker : Bean 'org.springframework.transaction.annotation.ProxyTransactionManagementConfiguration' of type [org.springframework.transaction.annotation.ProxyTransactionManagementConfiguration$$EnhancerBySpringCGLIB$$903421] is not eligible for getting processed by all BeanPostProcessors (for example: not eligible for auto-proxying)
2020-05-10 20:25:45.824  INFO 19344 --- [main] o.s.b.w.embedded.tomcat.TomcatWebServer  : Tomcat initialized with port(s): 8080 (http)
2020-05-10 20:25:45.852  INFO 19344 --- [main] o.apache.catalina.core.StandardService   : Starting service [Tomcat]
2020-05-10 20:25:45.853  INFO 19344 --- [main] org.apache.catalina.core.StandardEngine  : Starting Servlet Engine: Apache Tomcat/9.0.13
2020-05-10 20:25:45.858  INFO 19344 --- [main] o.a.catalina.core.AprLifecycleListener   : The APR based Apache Tomcat Native library which allows optimal performance in production environments was not found on the java.library.path: [D:\devTools\jdk8u202\bin;C:\WINDOWS\Sun\Java\bin;C:\WINDOWS\system32;C:\WINDOWS;C:\WINDOWS\system32;C:\WINDOWS;C:\WINDOWS\System32\Wbem;C:\WINDOWS\System32\WindowsPowerShell\v1.0\;C:\WINDOWS\System32\OpenSSH\;C:\Program Files (x86)\Intel\Intel(R) Management Engine Components\DAL;C:\Program Files\Intel\Intel(R) Management Engine Components\DAL;%MAVEN_HOME%\bin;%CATALINA_HOME%\bin;C:\Program Files\PuTTY\;C:\Program Files\Git\cmd;D:\Programs\nodejs\;C:\Program Files\Intel\WiFi\bin\;C:\Program Files\Common Files\Intel\WirelessCommon\;%JAVA_HOME%\bin;C:\Program Files (x86)\Yarn\bin\;C:\Program Files\MySQL\MySQL Shell 8.0\bin\;D:\Programe\Microsoft VS Code\bin;D:\Programs\JetBrains\IntelliJ IDEA 2019.2.3\bin;;C:\Users\cCosma\AppData\Local\Microsoft\WindowsApps;D:\Maven\maven3.2.2\bin;D:\MakelaarSuite\Java\jre8u202\bin;D:\devTools\ant\ant1.9.3\bin;C:\Users\cCosma\AppData\Roaming\npm;D:\Programs\Microsoft VS Code\bin;C:\Users\cCosma\AppData\Roaming\npm\node_modules\@angular\cli\bin;C:\Users\cCosma\AppData\Local\Yarn\bin;.]
2020-05-10 20:25:45.938  INFO 19344 --- [main] o.a.c.c.C.[Tomcat].[localhost].[/]       : Initializing Spring embedded WebApplicationContext
2020-05-10 20:25:45.938  INFO 19344 --- [main] o.s.web.context.ContextLoader            : Root WebApplicationContext: initialization completed in 1524 ms
2020-05-10 20:25:46.056  INFO 19344 --- [main] com.zaxxer.hikari.HikariDataSource       : HikariPool-1 - Starting...
2020-05-10 20:25:46.178  INFO 19344 --- [main] com.zaxxer.hikari.HikariDataSource       : HikariPool-1 - Start completed.
2020-05-10 20:25:46.209  INFO 19344 --- [main] o.hibernate.jpa.internal.util.LogHelper  : HHH000204: Processing PersistenceUnitInfo [
	name: default
	...]
2020-05-10 20:25:46.345  INFO 19344 --- [main] org.hibernate.Version                    : HHH000412: Hibernate Core {5.3.7.Final}
2020-05-10 20:25:46.347  INFO 19344 --- [main] org.hibernate.cfg.Environment            : HHH000206: hibernate.properties not found
2020-05-10 20:25:46.501  INFO 19344 --- [main] o.hibernate.annotations.common.Version   : HCANN000001: Hibernate Commons Annotations {5.0.1.Final}
2020-05-10 20:25:46.645  INFO 19344 --- [main] org.hibernate.dialect.Dialect            : HHH000400: Using dialect: org.hibernate.dialect.PostgreSQL9Dialect
2020-05-10 20:25:46.719  INFO 19344 --- [main] o.h.e.j.e.i.LobCreatorBuilderImpl        : HHH000421: Disabling contextual LOB creation as hibernate.jdbc.lob.non_contextual_creation is true
2020-05-10 20:25:46.719  INFO 19344 --- [main] org.hibernate.type.BasicTypeRegistry     : HHH000270: Type registration [java.util.UUID] overrides previous : org.hibernate.type.UUIDBinaryType@3aaa3c39
2020-05-10 20:25:47.151  INFO 19344 --- [main] j.LocalContainerEntityManagerFactoryBean : Initialized JPA EntityManagerFactory for persistence unit 'default'
2020-05-10 20:25:47.390  INFO 19344 --- [main] o.h.h.i.QueryTranslatorFactoryInitiator  : HHH000397: Using ASTQueryTranslatorFactory
2020-05-10 20:25:47.636  WARN 19344 --- [main] aWebConfiguration$JpaWebMvcConfiguration : spring.jpa.open-in-view is enabled by default. Therefore, database queries may be performed during view rendering. Explicitly configure spring.jpa.open-in-view to disable this warning
2020-05-10 20:25:47.739  INFO 19344 --- [main] pertySourcedRequestMappingHandlerMapping : Mapped URL path [/v2/api-docs] onto method [public org.springframework.http.ResponseEntity<springfox.documentation.spring.web.json.Json> springfox.documentation.swagger2.web.Swagger2Controller.getDocumentation(java.lang.String,javax.servlet.http.HttpServletRequest)]
2020-05-10 20:25:47.865  INFO 19344 --- [main] o.s.s.concurrent.ThreadPoolTaskExecutor  : Initializing ExecutorService 'applicationTaskExecutor'
2020-05-10 20:25:47.974  INFO 19344 --- [main] d.s.w.p.DocumentationPluginsBootstrapper : Context refreshed
2020-05-10 20:25:47.990  INFO 19344 --- [main] d.s.w.p.DocumentationPluginsBootstrapper : Found 1 custom documentation plugin(s)
2020-05-10 20:25:48.005  INFO 19344 --- [main] s.d.s.w.s.ApiListingReferenceScanner     : Scanning for api listing references
2020-05-10 20:25:48.170  INFO 19344 --- [main] o.s.b.w.embedded.tomcat.TomcatWebServer  : Tomcat started on port(s): 8080 (http) with context path ''
2020-05-10 20:25:48.170  INFO 19344 --- [main] c.c.b.BookstoreBackApplication           : Started BookstoreBackApplication in 4.257 seconds (JVM running for 5.374)
2020-05-10 20:26:12.438  INFO 19344 --- [http-nio-8080-exec-1] o.a.c.c.C.[Tomcat].[localhost].[/]       : Initializing Spring DispatcherServlet 'dispatcherServlet'
2020-05-10 20:26:12.438  INFO 19344 --- [http-nio-8080-exec-1] o.s.web.servlet.DispatcherServlet        : Initializing Servlet 'dispatcherServlet'
2020-05-10 20:26:12.449  INFO 19344 --- [http-nio-8080-exec-1] o.s.web.servlet.DispatcherServlet        : Completed initialization in 10 ms
2020-05-10 20:26:12.519  INFO 19344 --- [http-nio-8080-exec-1] c.c.b.controllers.BookController         : OK: Books return with succes.
2020-05-10 20:27:18.162  INFO 19344 --- [http-nio-8080-exec-6] c.c.b.controllers.BookController         : OK: Books return with succes.
2020-05-10 20:41:21.630  INFO 19344 --- [http-nio-8080-exec-10] c.c.b.controllers.BookController         : OK: Books return with succes.
2020-05-10 20:43:11.829  INFO 19344 --- [http-nio-8080-exec-4] c.c.b.controllers.BookController         : OK: Books return with succes.
2020-05-10 20:43:16.495  WARN 19344 --- [http-nio-8080-exec-5] .w.s.m.s.DefaultHandlerExceptionResolver : Resolved [org.springframework.web.method.annotation.MethodArgumentTypeMismatchException: Failed to convert value of type 'java.lang.String' to required type 'java.lang.Long'; nested exception is java.lang.NumberFormatException: For input string: "undefined"]
2020-05-10 20:43:21.325  INFO 19344 --- [http-nio-8080-exec-7] c.c.b.controllers.BookController         : OK: Books return with succes.
2020-05-10 20:43:22.912  WARN 19344 --- [http-nio-8080-exec-8] .w.s.m.s.DefaultHandlerExceptionResolver : Resolved [org.springframework.web.method.annotation.MethodArgumentTypeMismatchException: Failed to convert value of type 'java.lang.String' to required type 'java.lang.Long'; nested exception is java.lang.NumberFormatException: For input string: "undefined"]
2020-05-10 20:43:32.628  INFO 19344 --- [http-nio-8080-exec-10] c.c.b.controllers.BookController         : OK: Books return with succes.
2020-05-10 20:45:52.517  INFO 19344 --- [http-nio-8080-exec-4] c.c.b.controllers.BookController         : OK: Books return with succes.
2020-05-10 20:46:13.596  INFO 19344 --- [http-nio-8080-exec-6] c.c.b.controllers.BookController         : OK: Books return with succes.
2020-05-10 20:46:16.108  INFO 19344 --- [http-nio-8080-exec-8] c.c.b.controllers.BookController         : OK: Books return with succes.
2020-05-10 20:46:40.802  WARN 19344 --- [http-nio-8080-exec-9] .w.s.m.s.DefaultHandlerExceptionResolver : Resolved [org.springframework.web.method.annotation.MethodArgumentTypeMismatchException: Failed to convert value of type 'java.lang.String' to required type 'java.lang.Long'; nested exception is java.lang.NumberFormatException: For input string: "undefined"]
2020-05-10 20:46:42.653  WARN 19344 --- [http-nio-8080-exec-10] .w.s.m.s.DefaultHandlerExceptionResolver : Resolved [org.springframework.web.method.annotation.MethodArgumentTypeMismatchException: Failed to convert value of type 'java.lang.String' to required type 'java.lang.Long'; nested exception is java.lang.NumberFormatException: For input string: "undefined"]
2020-05-10 20:46:43.205  WARN 19344 --- [http-nio-8080-exec-1] .w.s.m.s.DefaultHandlerExceptionResolver : Resolved [org.springframework.web.method.annotation.MethodArgumentTypeMismatchException: Failed to convert value of type 'java.lang.String' to required type 'java.lang.Long'; nested exception is java.lang.NumberFormatException: For input string: "undefined"]
2020-05-10 21:08:17.814  INFO 19344 --- [http-nio-8080-exec-3] c.c.b.controllers.BookController         : OK: Books return with succes.
2020-05-10 21:08:20.523  INFO 19344 --- [http-nio-8080-exec-5] c.c.b.controllers.BookController         : OK: Books return with succes.
2020-05-10 21:18:08.167  INFO 19344 --- [http-nio-8080-exec-9] c.c.b.controllers.BookController         : OK: Books return with succes.
2020-05-10 21:18:09.337  WARN 19344 --- [http-nio-8080-exec-10] .w.s.m.s.DefaultHandlerExceptionResolver : Resolved [org.springframework.web.method.annotation.MethodArgumentTypeMismatchException: Failed to convert value of type 'java.lang.String' to required type 'java.lang.Long'; nested exception is java.lang.NumberFormatException: For input string: "undefined"]
2020-05-10 21:18:10.558  WARN 19344 --- [http-nio-8080-exec-1] .w.s.m.s.DefaultHandlerExceptionResolver : Resolved [org.springframework.web.method.annotation.MethodArgumentTypeMismatchException: Failed to convert value of type 'java.lang.String' to required type 'java.lang.Long'; nested exception is java.lang.NumberFormatException: For input string: "undefined"]
2020-05-10 21:18:12.430  INFO 19344 --- [http-nio-8080-exec-3] c.c.b.controllers.BookController         : OK: Books return with succes.
2020-05-10 21:18:13.337  INFO 19344 --- [http-nio-8080-exec-5] c.c.b.controllers.BookController         : OK: Books return with succes.
2020-05-10 21:18:13.938  INFO 19344 --- [http-nio-8080-exec-7] c.c.b.controllers.BookController         : OK: Books return with succes.
2020-05-10 21:18:14.427  INFO 19344 --- [http-nio-8080-exec-9] c.c.b.controllers.BookController         : OK: Books return with succes.
2020-05-10 21:18:14.663  INFO 19344 --- [http-nio-8080-exec-1] c.c.b.controllers.BookController         : OK: Books return with succes.
2020-05-10 21:18:14.832  INFO 19344 --- [http-nio-8080-exec-3] c.c.b.controllers.BookController         : OK: Books return with succes.
2020-05-10 21:18:15.008  INFO 19344 --- [http-nio-8080-exec-5] c.c.b.controllers.BookController         : OK: Books return with succes.
2020-05-10 21:18:15.173  INFO 19344 --- [http-nio-8080-exec-7] c.c.b.controllers.BookController         : OK: Books return with succes.
2020-05-10 21:18:15.731  INFO 19344 --- [http-nio-8080-exec-9] c.c.b.controllers.BookController         : OK: Books return with succes.
2020-05-10 21:18:54.693  WARN 19344 --- [http-nio-8080-exec-10] .w.s.m.s.DefaultHandlerExceptionResolver : Resolved [org.springframework.web.method.annotation.MethodArgumentTypeMismatchException: Failed to convert value of type 'java.lang.String' to required type 'java.lang.Long'; nested exception is java.lang.NumberFormatException: For input string: "undefined"]
2020-05-10 21:18:59.064  WARN 19344 --- [http-nio-8080-exec-1] .w.s.m.s.DefaultHandlerExceptionResolver : Resolved [org.springframework.web.method.annotation.MethodArgumentTypeMismatchException: Failed to convert value of type 'java.lang.String' to required type 'java.lang.Long'; nested exception is java.lang.NumberFormatException: For input string: "undefined"]
2020-05-10 21:19:11.762  WARN 19344 --- [http-nio-8080-exec-2] .w.s.m.s.DefaultHandlerExceptionResolver : Resolved [org.springframework.web.method.annotation.MethodArgumentTypeMismatchException: Failed to convert value of type 'java.lang.String' to required type 'java.lang.Long'; nested exception is java.lang.NumberFormatException: For input string: "undefined"]
2020-05-10 21:19:12.933  INFO 19344 --- [http-nio-8080-exec-4] c.c.b.controllers.BookController         : OK: Books return with succes.
2020-05-10 21:19:14.771  WARN 19344 --- [http-nio-8080-exec-5] .w.s.m.s.DefaultHandlerExceptionResolver : Resolved [org.springframework.web.method.annotation.MethodArgumentTypeMismatchException: Failed to convert value of type 'java.lang.String' to required type 'java.lang.Long'; nested exception is java.lang.NumberFormatException: For input string: "undefined"]
2020-05-10 21:19:16.402  INFO 19344 --- [http-nio-8080-exec-7] c.c.b.controllers.BookController         : OK: Books return with succes.
2020-05-10 21:19:16.960  WARN 19344 --- [http-nio-8080-exec-8] .w.s.m.s.DefaultHandlerExceptionResolver : Resolved [org.springframework.web.method.annotation.MethodArgumentTypeMismatchException: Failed to convert value of type 'java.lang.String' to required type 'java.lang.Long'; nested exception is java.lang.NumberFormatException: For input string: "undefined"]
2020-05-10 21:19:18.146  INFO 19344 --- [http-nio-8080-exec-10] c.c.b.controllers.BookController         : OK: Books return with succes.
2020-05-10 21:19:22.040  INFO 19344 --- [http-nio-8080-exec-2] c.c.b.controllers.BookController         : OK: Books return with succes.
2020-05-10 21:19:25.674  WARN 19344 --- [http-nio-8080-exec-3] .w.s.m.s.DefaultHandlerExceptionResolver : Resolved [org.springframework.web.method.annotation.MethodArgumentTypeMismatchException: Failed to convert value of type 'java.lang.String' to required type 'java.lang.Long'; nested exception is java.lang.NumberFormatException: For input string: "undefined"]
2020-05-10 21:19:52.899  WARN 19344 --- [http-nio-8080-exec-4] .w.s.m.s.DefaultHandlerExceptionResolver : Resolved [org.springframework.web.method.annotation.MethodArgumentTypeMismatchException: Failed to convert value of type 'java.lang.String' to required type 'java.lang.Long'; nested exception is java.lang.NumberFormatException: For input string: "undefined"]
2020-05-10 21:20:11.371  INFO 19344 --- [http-nio-8080-exec-6] c.c.b.controllers.BookController         : OK: Books return with succes.
2020-05-10 21:20:12.327  WARN 19344 --- [http-nio-8080-exec-7] .w.s.m.s.DefaultHandlerExceptionResolver : Resolved [org.springframework.web.method.annotation.MethodArgumentTypeMismatchException: Failed to convert value of type 'java.lang.String' to required type 'java.lang.Long'; nested exception is java.lang.NumberFormatException: For input string: "undefined"]
2020-05-10 21:20:48.257  INFO 19344 --- [http-nio-8080-exec-9] c.c.b.controllers.BookController         : OK: Books return with succes.
2020-05-10 21:20:49.326  WARN 19344 --- [http-nio-8080-exec-10] .w.s.m.s.DefaultHandlerExceptionResolver : Resolved [org.springframework.web.method.annotation.MethodArgumentTypeMismatchException: Failed to convert value of type 'java.lang.String' to required type 'java.lang.Long'; nested exception is java.lang.NumberFormatException: For input string: "undefined"]
2020-05-10 21:21:24.393  INFO 19344 --- [http-nio-8080-exec-2] c.c.b.controllers.BookController         : OK: Books return with succes.
2020-05-10 21:21:25.538  INFO 19344 --- [http-nio-8080-exec-4] c.c.b.controllers.BookController         : OK: Books return with succes.
2020-05-10 21:21:26.397  WARN 19344 --- [http-nio-8080-exec-5] .w.s.m.s.DefaultHandlerExceptionResolver : Resolved [org.springframework.web.method.annotation.MethodArgumentTypeMismatchException: Failed to convert value of type 'java.lang.String' to required type 'java.lang.Long'; nested exception is java.lang.NumberFormatException: For input string: "undefined"]
2020-05-10 21:22:05.688  INFO 19344 --- [http-nio-8080-exec-7] c.c.b.controllers.BookController         : OK: Books return with succes.
2020-05-10 21:22:07.818  WARN 19344 --- [http-nio-8080-exec-8] .w.s.m.s.DefaultHandlerExceptionResolver : Resolved [org.springframework.web.method.annotation.MethodArgumentTypeMismatchException: Failed to convert value of type 'java.lang.String' to required type 'java.lang.Long'; nested exception is java.lang.NumberFormatException: For input string: "undefined"]
2020-05-10 21:22:08.821  INFO 19344 --- [http-nio-8080-exec-10] c.c.b.controllers.BookController         : OK: Books return with succes.
2020-05-10 21:22:10.980  INFO 19344 --- [http-nio-8080-exec-2] c.c.b.controllers.BookController         : OK: Books return with succes.
2020-05-10 21:22:13.838  INFO 19344 --- [http-nio-8080-exec-4] c.c.b.controllers.BookController         : OK: Books return with succes.
2020-05-10 21:22:15.262  INFO 19344 --- [http-nio-8080-exec-6] c.c.b.controllers.BookController         : OK: Books return with succes.
2020-05-10 21:22:16.362  WARN 19344 --- [http-nio-8080-exec-7] .w.s.m.s.DefaultHandlerExceptionResolver : Resolved [org.springframework.web.method.annotation.MethodArgumentTypeMismatchException: Failed to convert value of type 'java.lang.String' to required type 'java.lang.Long'; nested exception is java.lang.NumberFormatException: For input string: "undefined"]
2020-05-10 21:22:19.441  INFO 19344 --- [http-nio-8080-exec-9] c.c.b.controllers.BookController         : OK: Books return with succes.
2020-05-10 21:22:26.648  INFO 19344 --- [http-nio-8080-exec-1] c.c.b.controllers.BookController         : OK: Books return with succes.
2020-05-10 21:22:27.422  WARN 19344 --- [http-nio-8080-exec-2] .w.s.m.s.DefaultHandlerExceptionResolver : Resolved [org.springframework.web.method.annotation.MethodArgumentTypeMismatchException: Failed to convert value of type 'java.lang.String' to required type 'java.lang.Long'; nested exception is java.lang.NumberFormatException: For input string: "undefined"]
2020-05-10 21:23:09.903  INFO 19344 --- [http-nio-8080-exec-4] c.c.b.controllers.BookController         : OK: Books return with succes.
2020-05-10 21:27:38.184  WARN 19344 --- [http-nio-8080-exec-7] .w.s.m.s.DefaultHandlerExceptionResolver : Resolved [org.springframework.web.method.annotation.MethodArgumentTypeMismatchException: Failed to convert value of type 'java.lang.String' to required type 'java.lang.Long'; nested exception is java.lang.NumberFormatException: For input string: "undefined"]
2020-05-10 21:28:18.253  WARN 19344 --- [http-nio-8080-exec-8] .w.s.m.s.DefaultHandlerExceptionResolver : Resolved [org.springframework.web.method.annotation.MethodArgumentTypeMismatchException: Failed to convert value of type 'java.lang.String' to required type 'java.lang.Long'; nested exception is java.lang.NumberFormatException: For input string: "undefined"]
2020-05-10 21:28:38.600  WARN 19344 --- [http-nio-8080-exec-9] .w.s.m.s.DefaultHandlerExceptionResolver : Resolved [org.springframework.web.method.annotation.MethodArgumentTypeMismatchException: Failed to convert value of type 'java.lang.String' to required type 'java.lang.Long'; nested exception is java.lang.NumberFormatException: For input string: "undefined"]
2020-05-10 21:28:55.990  WARN 19344 --- [http-nio-8080-exec-10] .w.s.m.s.DefaultHandlerExceptionResolver : Resolved [org.springframework.web.method.annotation.MethodArgumentTypeMismatchException: Failed to convert value of type 'java.lang.String' to required type 'java.lang.Long'; nested exception is java.lang.NumberFormatException: For input string: "undefined"]
2020-05-10 21:29:41.186  INFO 19344 --- [http-nio-8080-exec-2] c.c.b.controllers.BookController         : OK: Books return with succes.
2020-05-10 21:29:53.513  INFO 19344 --- [http-nio-8080-exec-4] c.c.b.controllers.BookController         : OK: Books return with succes.
2020-05-10 21:31:19.232  INFO 16492 --- [main] c.c.b.BookstoreBackApplication           : Starting BookstoreBackApplication on cCosma-LAP with PID 16492 (D:\Projects\bookstore-back\target\classes started by cCosma in D:\Projects\bookstore-back)
2020-05-10 21:31:19.232  INFO 16492 --- [main] c.c.b.BookstoreBackApplication           : No active profile set, falling back to default profiles: default
2020-05-10 21:31:20.593  INFO 16492 --- [main] .s.d.r.c.RepositoryConfigurationDelegate : Bootstrapping Spring Data repositories in DEFAULT mode.
2020-05-10 21:31:20.695  INFO 16492 --- [main] .s.d.r.c.RepositoryConfigurationDelegate : Finished Spring Data repository scanning in 92ms. Found 1 repository interfaces.
2020-05-10 21:31:21.083  INFO 16492 --- [main] trationDelegate$BeanPostProcessorChecker : Bean 'org.springframework.transaction.annotation.ProxyTransactionManagementConfiguration' of type [org.springframework.transaction.annotation.ProxyTransactionManagementConfiguration$$EnhancerBySpringCGLIB$$62dd5507] is not eligible for getting processed by all BeanPostProcessors (for example: not eligible for auto-proxying)
2020-05-10 21:31:21.448  INFO 16492 --- [main] o.s.b.w.embedded.tomcat.TomcatWebServer  : Tomcat initialized with port(s): 8080 (http)
2020-05-10 21:31:21.478  INFO 16492 --- [main] o.apache.catalina.core.StandardService   : Starting service [Tomcat]
2020-05-10 21:31:21.478  INFO 16492 --- [main] org.apache.catalina.core.StandardEngine  : Starting Servlet Engine: Apache Tomcat/9.0.13
2020-05-10 21:31:21.488  INFO 16492 --- [main] o.a.catalina.core.AprLifecycleListener   : The APR based Apache Tomcat Native library which allows optimal performance in production environments was not found on the java.library.path: [D:\devTools\jdk8u202\bin;C:\WINDOWS\Sun\Java\bin;C:\WINDOWS\system32;C:\WINDOWS;C:\WINDOWS\system32;C:\WINDOWS;C:\WINDOWS\System32\Wbem;C:\WINDOWS\System32\WindowsPowerShell\v1.0\;C:\WINDOWS\System32\OpenSSH\;C:\Program Files (x86)\Intel\Intel(R) Management Engine Components\DAL;C:\Program Files\Intel\Intel(R) Management Engine Components\DAL;%MAVEN_HOME%\bin;%CATALINA_HOME%\bin;C:\Program Files\PuTTY\;C:\Program Files\Git\cmd;D:\Programs\nodejs\;C:\Program Files\Intel\WiFi\bin\;C:\Program Files\Common Files\Intel\WirelessCommon\;%JAVA_HOME%\bin;C:\Program Files (x86)\Yarn\bin\;C:\Program Files\MySQL\MySQL Shell 8.0\bin\;D:\Programe\Microsoft VS Code\bin;D:\Programs\JetBrains\IntelliJ IDEA 2019.2.3\bin;;C:\Users\cCosma\AppData\Local\Microsoft\WindowsApps;D:\Maven\maven3.2.2\bin;D:\MakelaarSuite\Java\jre8u202\bin;D:\devTools\ant\ant1.9.3\bin;C:\Users\cCosma\AppData\Roaming\npm;D:\Programs\Microsoft VS Code\bin;C:\Users\cCosma\AppData\Roaming\npm\node_modules\@angular\cli\bin;C:\Users\cCosma\AppData\Local\Yarn\bin;.]
2020-05-10 21:31:21.626  INFO 16492 --- [main] o.a.c.c.C.[Tomcat].[localhost].[/]       : Initializing Spring embedded WebApplicationContext
2020-05-10 21:31:21.626  INFO 16492 --- [main] o.s.web.context.ContextLoader            : Root WebApplicationContext: initialization completed in 2336 ms
2020-05-10 21:31:21.849  INFO 16492 --- [main] com.zaxxer.hikari.HikariDataSource       : HikariPool-1 - Starting...
2020-05-10 21:31:21.968  INFO 16492 --- [main] com.zaxxer.hikari.HikariDataSource       : HikariPool-1 - Start completed.
2020-05-10 21:31:22.017  INFO 16492 --- [main] o.hibernate.jpa.internal.util.LogHelper  : HHH000204: Processing PersistenceUnitInfo [
	name: default
	...]
2020-05-10 21:31:22.227  INFO 16492 --- [main] org.hibernate.Version                    : HHH000412: Hibernate Core {5.3.7.Final}
2020-05-10 21:31:22.229  INFO 16492 --- [main] org.hibernate.cfg.Environment            : HHH000206: hibernate.properties not found
2020-05-10 21:31:22.393  INFO 16492 --- [main] o.hibernate.annotations.common.Version   : HCANN000001: Hibernate Commons Annotations {5.0.1.Final}
2020-05-10 21:31:22.559  INFO 16492 --- [main] org.hibernate.dialect.Dialect            : HHH000400: Using dialect: org.hibernate.dialect.PostgreSQL9Dialect
2020-05-10 21:31:22.662  INFO 16492 --- [main] o.h.e.j.e.i.LobCreatorBuilderImpl        : HHH000421: Disabling contextual LOB creation as hibernate.jdbc.lob.non_contextual_creation is true
2020-05-10 21:31:22.662  INFO 16492 --- [main] org.hibernate.type.BasicTypeRegistry     : HHH000270: Type registration [java.util.UUID] overrides previous : org.hibernate.type.UUIDBinaryType@64c781a9
2020-05-10 21:31:23.172  INFO 16492 --- [main] j.LocalContainerEntityManagerFactoryBean : Initialized JPA EntityManagerFactory for persistence unit 'default'
2020-05-10 21:31:23.432  INFO 16492 --- [main] o.h.h.i.QueryTranslatorFactoryInitiator  : HHH000397: Using ASTQueryTranslatorFactory
2020-05-10 21:31:23.764  WARN 16492 --- [main] aWebConfiguration$JpaWebMvcConfiguration : spring.jpa.open-in-view is enabled by default. Therefore, database queries may be performed during view rendering. Explicitly configure spring.jpa.open-in-view to disable this warning
2020-05-10 21:31:23.864  INFO 16492 --- [main] pertySourcedRequestMappingHandlerMapping : Mapped URL path [/v2/api-docs] onto method [public org.springframework.http.ResponseEntity<springfox.documentation.spring.web.json.Json> springfox.documentation.swagger2.web.Swagger2Controller.getDocumentation(java.lang.String,javax.servlet.http.HttpServletRequest)]
2020-05-10 21:31:23.987  INFO 16492 --- [main] o.s.s.concurrent.ThreadPoolTaskExecutor  : Initializing ExecutorService 'applicationTaskExecutor'
2020-05-10 21:31:24.101  INFO 16492 --- [main] d.s.w.p.DocumentationPluginsBootstrapper : Context refreshed
2020-05-10 21:31:24.114  INFO 16492 --- [main] d.s.w.p.DocumentationPluginsBootstrapper : Found 1 custom documentation plugin(s)
2020-05-10 21:31:24.134  INFO 16492 --- [main] s.d.s.w.s.ApiListingReferenceScanner     : Scanning for api listing references
2020-05-10 21:31:24.334  INFO 16492 --- [main] o.s.b.w.embedded.tomcat.TomcatWebServer  : Tomcat started on port(s): 8080 (http) with context path ''
2020-05-10 21:31:24.334  INFO 16492 --- [main] c.c.b.BookstoreBackApplication           : Started BookstoreBackApplication in 5.576 seconds (JVM running for 6.674)
2020-05-10 21:31:29.929  INFO 16492 --- [http-nio-8080-exec-1] o.a.c.c.C.[Tomcat].[localhost].[/]       : Initializing Spring DispatcherServlet 'dispatcherServlet'
2020-05-10 21:31:29.929  INFO 16492 --- [http-nio-8080-exec-1] o.s.web.servlet.DispatcherServlet        : Initializing Servlet 'dispatcherServlet'
2020-05-10 21:31:29.937  INFO 16492 --- [http-nio-8080-exec-1] o.s.web.servlet.DispatcherServlet        : Completed initialization in 8 ms
2020-05-10 21:31:30.011  INFO 16492 --- [http-nio-8080-exec-1] c.c.b.controllers.BookController         : OK: Books return with succes.
2020-05-10 21:32:12.393  INFO 11296 --- [main] c.c.b.BookstoreBackApplication           : Starting BookstoreBackApplication on cCosma-LAP with PID 11296 (D:\Projects\bookstore-back\target\classes started by cCosma in D:\Projects\bookstore-back)
2020-05-10 21:32:12.403  INFO 11296 --- [main] c.c.b.BookstoreBackApplication           : No active profile set, falling back to default profiles: default
2020-05-10 21:32:13.413  INFO 11296 --- [main] .s.d.r.c.RepositoryConfigurationDelegate : Bootstrapping Spring Data repositories in DEFAULT mode.
2020-05-10 21:32:13.459  INFO 11296 --- [main] .s.d.r.c.RepositoryConfigurationDelegate : Finished Spring Data repository scanning in 41ms. Found 1 repository interfaces.
2020-05-10 21:32:13.698  INFO 11296 --- [main] trationDelegate$BeanPostProcessorChecker : Bean 'org.springframework.transaction.annotation.ProxyTransactionManagementConfiguration' of type [org.springframework.transaction.annotation.ProxyTransactionManagementConfiguration$$EnhancerBySpringCGLIB$$62dd5507] is not eligible for getting processed by all BeanPostProcessors (for example: not eligible for auto-proxying)
2020-05-10 21:32:13.895  INFO 11296 --- [main] o.s.b.w.embedded.tomcat.TomcatWebServer  : Tomcat initialized with port(s): 8080 (http)
2020-05-10 21:32:13.910  INFO 11296 --- [main] o.apache.catalina.core.StandardService   : Starting service [Tomcat]
2020-05-10 21:32:13.910  INFO 11296 --- [main] org.apache.catalina.core.StandardEngine  : Starting Servlet Engine: Apache Tomcat/9.0.13
2020-05-10 21:32:13.926  INFO 11296 --- [main] o.a.catalina.core.AprLifecycleListener   : The APR based Apache Tomcat Native library which allows optimal performance in production environments was not found on the java.library.path: [D:\devTools\jdk8u202\bin;C:\WINDOWS\Sun\Java\bin;C:\WINDOWS\system32;C:\WINDOWS;C:\WINDOWS\system32;C:\WINDOWS;C:\WINDOWS\System32\Wbem;C:\WINDOWS\System32\WindowsPowerShell\v1.0\;C:\WINDOWS\System32\OpenSSH\;C:\Program Files (x86)\Intel\Intel(R) Management Engine Components\DAL;C:\Program Files\Intel\Intel(R) Management Engine Components\DAL;%MAVEN_HOME%\bin;%CATALINA_HOME%\bin;C:\Program Files\PuTTY\;C:\Program Files\Git\cmd;D:\Programs\nodejs\;C:\Program Files\Intel\WiFi\bin\;C:\Program Files\Common Files\Intel\WirelessCommon\;%JAVA_HOME%\bin;C:\Program Files (x86)\Yarn\bin\;C:\Program Files\MySQL\MySQL Shell 8.0\bin\;D:\Programe\Microsoft VS Code\bin;D:\Programs\JetBrains\IntelliJ IDEA 2019.2.3\bin;;C:\Users\cCosma\AppData\Local\Microsoft\WindowsApps;D:\Maven\maven3.2.2\bin;D:\MakelaarSuite\Java\jre8u202\bin;D:\devTools\ant\ant1.9.3\bin;C:\Users\cCosma\AppData\Roaming\npm;D:\Programs\Microsoft VS Code\bin;C:\Users\cCosma\AppData\Roaming\npm\node_modules\@angular\cli\bin;C:\Users\cCosma\AppData\Local\Yarn\bin;.]
2020-05-10 21:32:14.011  INFO 11296 --- [main] o.a.c.c.C.[Tomcat].[localhost].[/]       : Initializing Spring embedded WebApplicationContext
2020-05-10 21:32:14.026  INFO 11296 --- [main] o.s.web.context.ContextLoader            : Root WebApplicationContext: initialization completed in 1562 ms
2020-05-10 21:32:14.164  INFO 11296 --- [main] com.zaxxer.hikari.HikariDataSource       : HikariPool-1 - Starting...
2020-05-10 21:32:14.249  INFO 11296 --- [main] com.zaxxer.hikari.HikariDataSource       : HikariPool-1 - Start completed.
2020-05-10 21:32:14.280  INFO 11296 --- [main] o.hibernate.jpa.internal.util.LogHelper  : HHH000204: Processing PersistenceUnitInfo [
	name: default
	...]
2020-05-10 21:32:14.380  INFO 11296 --- [main] org.hibernate.Version                    : HHH000412: Hibernate Core {5.3.7.Final}
2020-05-10 21:32:14.396  INFO 11296 --- [main] org.hibernate.cfg.Environment            : HHH000206: hibernate.properties not found
2020-05-10 21:32:14.512  INFO 11296 --- [main] o.hibernate.annotations.common.Version   : HCANN000001: Hibernate Commons Annotations {5.0.1.Final}
2020-05-10 21:32:14.650  INFO 11296 --- [main] org.hibernate.dialect.Dialect            : HHH000400: Using dialect: org.hibernate.dialect.PostgreSQL9Dialect
2020-05-10 21:32:14.728  INFO 11296 --- [main] o.h.e.j.e.i.LobCreatorBuilderImpl        : HHH000421: Disabling contextual LOB creation as hibernate.jdbc.lob.non_contextual_creation is true
2020-05-10 21:32:14.728  INFO 11296 --- [main] org.hibernate.type.BasicTypeRegistry     : HHH000270: Type registration [java.util.UUID] overrides previous : org.hibernate.type.UUIDBinaryType@64c781a9
2020-05-10 21:32:15.167  INFO 11296 --- [main] j.LocalContainerEntityManagerFactoryBean : Initialized JPA EntityManagerFactory for persistence unit 'default'
2020-05-10 21:32:15.383  INFO 11296 --- [main] o.h.h.i.QueryTranslatorFactoryInitiator  : HHH000397: Using ASTQueryTranslatorFactory
2020-05-10 21:32:15.646  WARN 11296 --- [main] aWebConfiguration$JpaWebMvcConfiguration : spring.jpa.open-in-view is enabled by default. Therefore, database queries may be performed during view rendering. Explicitly configure spring.jpa.open-in-view to disable this warning
2020-05-10 21:32:15.731  INFO 11296 --- [main] pertySourcedRequestMappingHandlerMapping : Mapped URL path [/v2/api-docs] onto method [public org.springframework.http.ResponseEntity<springfox.documentation.spring.web.json.Json> springfox.documentation.swagger2.web.Swagger2Controller.getDocumentation(java.lang.String,javax.servlet.http.HttpServletRequest)]
2020-05-10 21:32:15.843  INFO 11296 --- [main] o.s.s.concurrent.ThreadPoolTaskExecutor  : Initializing ExecutorService 'applicationTaskExecutor'
2020-05-10 21:32:15.953  INFO 11296 --- [main] d.s.w.p.DocumentationPluginsBootstrapper : Context refreshed
2020-05-10 21:32:15.968  INFO 11296 --- [main] d.s.w.p.DocumentationPluginsBootstrapper : Found 1 custom documentation plugin(s)
2020-05-10 21:32:16.000  INFO 11296 --- [main] s.d.s.w.s.ApiListingReferenceScanner     : Scanning for api listing references
2020-05-10 21:32:16.153  INFO 11296 --- [main] o.s.b.w.embedded.tomcat.TomcatWebServer  : Tomcat started on port(s): 8080 (http) with context path ''
2020-05-10 21:32:16.153  INFO 11296 --- [main] c.c.b.BookstoreBackApplication           : Started BookstoreBackApplication in 4.183 seconds (JVM running for 5.307)
2020-05-10 21:32:21.082  INFO 11296 --- [http-nio-8080-exec-1] o.a.c.c.C.[Tomcat].[localhost].[/]       : Initializing Spring DispatcherServlet 'dispatcherServlet'
2020-05-10 21:32:21.082  INFO 11296 --- [http-nio-8080-exec-1] o.s.web.servlet.DispatcherServlet        : Initializing Servlet 'dispatcherServlet'
2020-05-10 21:32:21.088  INFO 11296 --- [http-nio-8080-exec-1] o.s.web.servlet.DispatcherServlet        : Completed initialization in 6 ms
2020-05-10 21:32:21.141  INFO 11296 --- [http-nio-8080-exec-1] c.c.b.controllers.BookController         : OK: Books return with succes.
2020-05-10 21:32:26.471  INFO 11296 --- [http-nio-8080-exec-3] c.c.b.controllers.BookController         : OK: Books return with succes.
2020-05-10 21:32:37.201  INFO 11296 --- [http-nio-8080-exec-4] c.c.b.controllers.BookController         : OK: Book with id 1 found.
2020-05-10 21:33:32.089  INFO 11296 --- [http-nio-8080-exec-7] c.c.b.controllers.BookController         : OK: Book with id 1 found.
2020-05-10 21:33:48.749  INFO 11296 --- [http-nio-8080-exec-9] c.c.b.controllers.BookController         : OK: Books return with succes.
2020-05-10 21:33:50.403  INFO 11296 --- [http-nio-8080-exec-10] c.c.b.controllers.BookController         : OK: Book with id 2 found.
2020-05-10 21:33:52.537  INFO 11296 --- [http-nio-8080-exec-3] c.c.b.controllers.BookController         : OK: Books return with succes.
2020-05-10 21:33:53.266  INFO 11296 --- [http-nio-8080-exec-2] c.c.b.controllers.BookController         : OK: Book with id 3 found.
2020-05-10 21:33:55.797  INFO 11296 --- [http-nio-8080-exec-5] c.c.b.controllers.BookController         : OK: Books return with succes.
2020-05-10 21:33:56.679  INFO 11296 --- [http-nio-8080-exec-6] c.c.b.controllers.BookController         : OK: Book with id 1 found.
2020-05-10 21:34:01.199  INFO 11296 --- [http-nio-8080-exec-8] c.c.b.controllers.BookController         : OK: Books return with succes.
2020-05-10 21:34:02.378  INFO 11296 --- [http-nio-8080-exec-9] c.c.b.controllers.BookController         : OK: Book with id 2 found.
2020-05-10 21:34:16.416  INFO 11296 --- [http-nio-8080-exec-1] c.c.b.controllers.BookController         : OK: Books return with succes.
2020-05-10 21:34:19.534  INFO 11296 --- [http-nio-8080-exec-2] c.c.b.controllers.BookController         : OK: Books return with succes.
2020-05-10 21:34:22.932  INFO 11296 --- [http-nio-8080-exec-4] c.c.b.controllers.BookController         : OK: Book with id 2 found.
2020-05-10 21:34:23.981  INFO 11296 --- [http-nio-8080-exec-6] c.c.b.controllers.BookController         : OK: Books return with succes.
2020-05-10 21:35:41.999  INFO 11296 --- [http-nio-8080-exec-9] c.c.b.controllers.BookController         : OK: Books return with succes.
2020-05-10 21:35:57.910  INFO 11296 --- [http-nio-8080-exec-7] c.c.b.controllers.BookController         : OK: There are no books saved.
2020-05-10 21:35:59.779  INFO 11296 --- [http-nio-8080-exec-9] c.c.b.controllers.BookController         : OK: There are no books saved.
2020-05-10 21:36:03.557  INFO 11296 --- [http-nio-8080-exec-3] c.c.b.controllers.BookController         : OK: There are no books saved.
2020-05-10 21:39:30.435  WARN 11296 --- [http-nio-8080-exec-8] .w.s.m.s.DefaultHandlerExceptionResolver : Resolved [org.springframework.http.converter.HttpMessageNotReadableException: JSON parse error: Cannot deserialize value of type `java.util.Date` from String "01.01.1998": expected format "dd-MM-yyyy"; nested exception is com.fasterxml.jackson.databind.exc.InvalidFormatException: Cannot deserialize value of type `java.util.Date` from String "01.01.1998": expected format "dd-MM-yyyy"
 at [Source: (PushbackInputStream); line: 7, column: 22] (through reference chain: com.cosmin.bookstoreback.dtos.BookDto["publicationDate"])]
2020-05-10 21:39:42.223 ERROR 11296 --- [http-nio-8080-exec-5] c.c.b.controllers.BookController         : BAD REQUEST: Description does not respect the field validation rules (2-500 characters).
2020-05-10 21:40:25.140  INFO 11296 --- [http-nio-8080-exec-3] c.c.b.controllers.BookController         : OK: Books return with succes.
2020-05-10 21:40:28.560  INFO 11296 --- [http-nio-8080-exec-1] c.c.b.controllers.BookController         : OK: Books return with succes.
2020-05-10 21:40:28.864  INFO 11296 --- [http-nio-8080-exec-2] c.c.b.controllers.BookController         : OK: Book with id 4 found.
2020-05-10 21:40:35.283  INFO 11296 --- [http-nio-8080-exec-4] c.c.b.controllers.BookController         : OK: Books return with succes.
2020-05-10 21:44:35.383 ERROR 11296 --- [http-nio-8080-exec-9] c.c.b.controllers.BookController         : BAD REQUEST: Description does not respect the field validation rules (2-500 characters).
2020-05-10 21:44:45.574 ERROR 11296 --- [http-nio-8080-exec-3] c.c.b.controllers.BookController         : BAD REQUEST: Description does not respect the field validation rules (2-500 characters).
2020-05-10 21:45:10.543 ERROR 11296 --- [http-nio-8080-exec-10] c.c.b.controllers.BookController         : BAD REQUEST: Description does not respect the field validation rules (2-500 characters).
2020-05-10 21:45:23.872 ERROR 11296 --- [http-nio-8080-exec-1] c.c.b.controllers.BookController         : BAD REQUEST: Description does not respect the field validation rules (2-500 characters).
2020-05-10 21:45:48.872  INFO 11296 --- [http-nio-8080-exec-4] c.c.b.controllers.BookController         : OK: Books return with succes.
2020-05-10 21:45:56.818  INFO 11296 --- [http-nio-8080-exec-8] c.c.b.controllers.BookController         : OK: Book with id 4 found.
2020-05-10 21:46:10.051  INFO 11296 --- [http-nio-8080-exec-5] c.c.b.controllers.BookController         : OK: Books return with succes.
2020-05-10 21:46:13.454  INFO 11296 --- [http-nio-8080-exec-9] c.c.b.controllers.BookController         : OK: Book with id 4 found.
2020-05-10 21:46:22.662  INFO 11296 --- [http-nio-8080-exec-3] c.c.b.controllers.BookController         : OK: Books return with succes.
2020-05-10 21:46:32.589  INFO 11296 --- [http-nio-8080-exec-1] c.c.b.controllers.BookController         : OK: Book with id 4 found.
2020-05-10 21:46:44.235  INFO 11296 --- [http-nio-8080-exec-4] c.c.b.controllers.BookController         : OK: Books return with succes.
2020-05-10 21:46:45.315  INFO 11296 --- [http-nio-8080-exec-8] c.c.b.controllers.BookController         : OK: Book with id 5 found.
2020-05-10 21:47:11.223  INFO 11296 --- [http-nio-8080-exec-5] c.c.b.controllers.BookController         : OK: Books return with succes.
2020-05-10 21:47:23.380  INFO 11296 --- [http-nio-8080-exec-10] c.c.b.controllers.BookController         : OK: Books return with succes.
2020-05-10 21:47:26.093  INFO 11296 --- [http-nio-8080-exec-1] c.c.b.controllers.BookController         : OK: Books return with succes.
2020-05-10 21:47:29.209  INFO 11296 --- [http-nio-8080-exec-6] c.c.b.controllers.BookController         : OK: Books return with succes.
2020-05-10 21:47:30.622  INFO 11296 --- [http-nio-8080-exec-8] c.c.b.controllers.BookController         : OK: Books return with succes.
2020-05-10 21:47:33.840  INFO 11296 --- [http-nio-8080-exec-5] c.c.b.controllers.BookController         : OK: Books return with succes.
2020-05-10 21:48:14.989  INFO 11296 --- [http-nio-8080-exec-10] c.c.b.controllers.BookController         : OK: Books return with succes.
2020-05-10 21:48:20.986  INFO 11296 --- [http-nio-8080-exec-3] c.c.b.controllers.BookController         : OK: Book with id 5 found.
2020-05-10 21:48:23.949  INFO 11296 --- [http-nio-8080-exec-2] c.c.b.controllers.BookController         : OK: Books return with succes.
2020-05-10 21:48:26.496  INFO 11296 --- [http-nio-8080-exec-4] c.c.b.controllers.BookController         : OK: Books return with succes.
2020-05-10 21:48:29.139  INFO 11296 --- [http-nio-8080-exec-7] c.c.b.controllers.BookController         : OK: Books return with succes.
2020-05-10 21:48:29.863  INFO 11296 --- [http-nio-8080-exec-5] c.c.b.controllers.BookController         : OK: Book with id 4 found.
2020-05-10 21:48:32.186  INFO 11296 --- [http-nio-8080-exec-10] c.c.b.controllers.BookController         : OK: Books return with succes.
2020-05-10 21:48:34.911  INFO 11296 --- [http-nio-8080-exec-1] c.c.b.controllers.BookController         : OK: Books return with succes.
2020-05-10 21:48:43.402  INFO 11296 --- [http-nio-8080-exec-2] c.c.b.controllers.BookController         : OK: Book with id 5 found.
2020-05-10 21:49:11.035  INFO 11296 --- [http-nio-8080-exec-4] c.c.b.controllers.BookController         : OK: Books return with succes.
2020-05-10 21:49:22.651  INFO 11296 --- [http-nio-8080-exec-7] c.c.b.controllers.BookController         : OK: Books return with succes.
2020-05-10 21:49:24.779  INFO 11296 --- [http-nio-8080-exec-5] c.c.b.controllers.BookController         : OK: Book with id 4 found.
2020-05-10 21:49:29.004  INFO 11296 --- [http-nio-8080-exec-9] c.c.b.controllers.BookController         : OK: Book with id 4 found.
2020-05-10 21:49:30.134  INFO 11296 --- [http-nio-8080-exec-3] c.c.b.controllers.BookController         : OK: Books return with succes.
2020-05-10 21:49:30.709  INFO 11296 --- [http-nio-8080-exec-1] c.c.b.controllers.BookController         : OK: Book with id 5 found.
2020-05-10 21:49:32.541  INFO 11296 --- [http-nio-8080-exec-6] c.c.b.controllers.BookController         : OK: Books return with succes.
2020-05-10 21:49:33.605  INFO 11296 --- [http-nio-8080-exec-4] c.c.b.controllers.BookController         : OK: Book with id 4 found.
2020-05-10 21:50:09.187  INFO 11296 --- [http-nio-8080-exec-7] c.c.b.controllers.BookController         : OK: Books return with succes.
2020-05-10 21:50:10.812  INFO 11296 --- [http-nio-8080-exec-5] c.c.b.controllers.BookController         : OK: Book with id 5 found.
2020-05-10 21:50:12.121  INFO 11296 --- [http-nio-8080-exec-10] c.c.b.controllers.BookController         : OK: Books return with succes.
2020-05-10 21:50:18.280  INFO 11296 --- [http-nio-8080-exec-1] c.c.b.controllers.BookController         : OK: Books return with succes.
2020-05-10 21:50:22.870  INFO 11296 --- [http-nio-8080-exec-2] c.c.b.controllers.BookController         : OK: Book with id 4 found.
2020-05-10 21:50:24.450  INFO 11296 --- [http-nio-8080-exec-4] c.c.b.controllers.BookController         : OK: Books return with succes.
2020-05-10 21:50:29.660  INFO 11296 --- [http-nio-8080-exec-8] c.c.b.controllers.BookController         : OK: Book with id 4 found.
2020-05-10 21:50:30.949  INFO 11296 --- [http-nio-8080-exec-5] c.c.b.controllers.BookController         : OK: Books return with succes.
2020-05-10 21:50:35.806  INFO 11296 --- [http-nio-8080-exec-10] c.c.b.controllers.BookController         : OK: Book with id 4 found.
2020-05-10 21:50:37.951  INFO 11296 --- [http-nio-8080-exec-3] c.c.b.controllers.BookController         : OK: Books return with succes.
2020-05-10 21:54:46.810  INFO 11296 --- [http-nio-8080-exec-6] c.c.b.controllers.BookController         : OK: Book with id 4 found.
2020-05-10 21:54:48.214  INFO 11296 --- [http-nio-8080-exec-8] c.c.b.controllers.BookController         : OK: Books return with succes.
2020-05-10 21:54:51.985  INFO 11296 --- [http-nio-8080-exec-7] c.c.b.controllers.BookController         : OK: Book with id 5 found.
2020-05-10 21:54:58.799  INFO 11296 --- [http-nio-8080-exec-10] c.c.b.controllers.BookController         : OK: Books return with succes.
2020-05-10 21:55:09.314  INFO 11296 --- [http-nio-8080-exec-3] c.c.b.controllers.BookController         : OK: Books return with succes.
2020-05-10 21:55:10.395  INFO 11296 --- [http-nio-8080-exec-2] c.c.b.controllers.BookController         : OK: Book with id 4 found.
2020-05-10 21:55:13.583  INFO 11296 --- [http-nio-8080-exec-6] c.c.b.controllers.BookController         : OK: Books return with succes.
2020-05-10 21:56:54.179  INFO 11296 --- [http-nio-8080-exec-5] c.c.b.controllers.BookController         : OK: Books return with succes.
2020-05-10 21:56:55.337  INFO 11296 --- [http-nio-8080-exec-10] c.c.b.controllers.BookController         : OK: Book with id 4 found.
2020-05-10 21:57:58.898  INFO 11296 --- [http-nio-8080-exec-1] c.c.b.controllers.BookController         : OK: Books return with succes.
2020-05-10 21:57:59.889  INFO 11296 --- [http-nio-8080-exec-6] c.c.b.controllers.BookController         : OK: Book with id 4 found.
2020-05-10 21:58:09.443  INFO 11296 --- [http-nio-8080-exec-8] c.c.b.controllers.BookController         : OK: Books return with succes.
2020-05-10 21:58:10.159  INFO 11296 --- [http-nio-8080-exec-7] c.c.b.controllers.BookController         : OK: Book with id 4 found.
2020-05-10 21:58:14.458  INFO 11296 --- [http-nio-8080-exec-5] c.c.b.controllers.BookController         : OK: Book with id 4 found.
2020-05-10 21:58:18.558  INFO 11296 --- [http-nio-8080-exec-10] c.c.b.controllers.BookController         : OK: Book with id 4 found.
2020-05-10 21:58:23.675  INFO 11296 --- [http-nio-8080-exec-9] c.c.b.controllers.BookController         : OK: Book with id 4 found.
2020-05-10 21:58:25.201  INFO 11296 --- [http-nio-8080-exec-3] c.c.b.controllers.BookController         : OK: Book with id 4 found.
2020-05-10 21:58:28.171  INFO 11296 --- [http-nio-8080-exec-1] c.c.b.controllers.BookController         : OK: Book with id 4 found.
2020-05-10 21:58:36.809  INFO 11296 --- [http-nio-8080-exec-2] c.c.b.controllers.BookController         : OK: Book with id 4 found.
2020-05-10 21:58:41.915  INFO 11296 --- [http-nio-8080-exec-6] c.c.b.controllers.BookController         : OK: Book with id 4 found.
2020-05-10 21:59:10.638  INFO 11296 --- [http-nio-8080-exec-8] c.c.b.controllers.BookController         : OK: Book with id 4 found.
2020-05-10 21:59:18.647  INFO 11296 --- [http-nio-8080-exec-7] c.c.b.controllers.BookController         : OK: Book with id 4 found.
2020-05-10 22:00:03.957  INFO 11296 --- [http-nio-8080-exec-5] c.c.b.controllers.BookController         : OK: Book with id 4 found.
2020-05-10 22:00:15.853  INFO 11296 --- [http-nio-8080-exec-10] c.c.b.controllers.BookController         : OK: Book with id 4 found.
2020-05-10 22:01:16.240  INFO 11296 --- [http-nio-8080-exec-3] c.c.b.controllers.BookController         : OK: Book with id 4 found.
2020-05-10 22:01:27.519  INFO 11296 --- [http-nio-8080-exec-1] c.c.b.controllers.BookController         : OK: Book with id 4 found.
2020-05-10 22:01:30.258  INFO 11296 --- [http-nio-8080-exec-2] c.c.b.controllers.BookController         : OK: Book with id 4 found.
2020-05-10 22:01:37.986  INFO 11296 --- [http-nio-8080-exec-6] c.c.b.controllers.BookController         : OK: Book with id 4 found.
2020-05-10 22:01:43.394  INFO 11296 --- [http-nio-8080-exec-4] c.c.b.controllers.BookController         : OK: Book with id 4 found.
2020-05-10 22:01:44.892  INFO 11296 --- [http-nio-8080-exec-8] c.c.b.controllers.BookController         : OK: Book with id 4 found.
2020-05-10 22:01:52.542  INFO 11296 --- [http-nio-8080-exec-7] c.c.b.controllers.BookController         : OK: Book with id 4 found.
2020-05-10 22:01:53.310  INFO 11296 --- [http-nio-8080-exec-5] c.c.b.controllers.BookController         : OK: Book with id 4 found.
2020-05-10 22:01:55.620  INFO 11296 --- [http-nio-8080-exec-9] c.c.b.controllers.BookController         : OK: Books return with succes.
2020-05-10 22:01:59.079  INFO 11296 --- [http-nio-8080-exec-1] c.c.b.controllers.BookController         : OK: Books return with succes.
2020-05-10 22:01:59.630  INFO 11296 --- [http-nio-8080-exec-2] c.c.b.controllers.BookController         : OK: Book with id 4 found.
2020-05-10 22:02:00.462  INFO 11296 --- [http-nio-8080-exec-4] c.c.b.controllers.BookController         : OK: Books return with succes.
2020-05-10 22:02:01.835  INFO 11296 --- [http-nio-8080-exec-8] c.c.b.controllers.BookController         : OK: Book with id 4 found.
2020-05-10 22:02:10.178  INFO 11296 --- [http-nio-8080-exec-7] c.c.b.controllers.BookController         : OK: Book with id 4 found.
2020-05-10 22:03:32.900  INFO 11296 --- [http-nio-8080-exec-9] c.c.b.controllers.BookController         : OK: Book with id 4 found.
2020-05-10 22:06:39.491  INFO 11296 --- [http-nio-8080-exec-2] c.c.b.controllers.BookController         : OK: Books return with succes.
2020-05-10 22:06:40.522  INFO 11296 --- [http-nio-8080-exec-6] c.c.b.controllers.BookController         : OK: Book with id 5 found.
2020-05-10 22:06:48.163  INFO 11296 --- [http-nio-8080-exec-4] c.c.b.controllers.BookController         : OK: Book with id 5 found.
2020-05-10 22:07:16.361  INFO 11296 --- [http-nio-8080-exec-8] c.c.b.controllers.BookController         : OK: Book with id 5 found.
2020-05-10 22:07:33.609  INFO 11296 --- [http-nio-8080-exec-5] c.c.b.controllers.BookController         : OK: Books return with succes.
2020-05-10 22:07:53.166  INFO 11296 --- [http-nio-8080-exec-10] c.c.b.controllers.BookController         : OK: Book with id 5 found.
2020-05-10 22:08:11.966  INFO 11296 --- [http-nio-8080-exec-3] c.c.b.controllers.BookController         : OK: Books return with succes.
2020-05-10 22:08:13.417  INFO 11296 --- [http-nio-8080-exec-2] c.c.b.controllers.BookController         : OK: Books return with succes.
2020-05-10 22:08:14.728  INFO 11296 --- [http-nio-8080-exec-6] c.c.b.controllers.BookController         : OK: Book with id 4 found.
2020-05-10 22:08:17.908  INFO 11296 --- [http-nio-8080-exec-8] c.c.b.controllers.BookController         : OK: Books return with succes.
2020-05-10 22:08:26.929  INFO 11296 --- [http-nio-8080-exec-5] c.c.b.controllers.BookController         : OK: Books return with succes.
2020-05-10 22:08:28.291  INFO 11296 --- [http-nio-8080-exec-10] c.c.b.controllers.BookController         : OK: Book with id 4 found.
2020-05-10 22:08:29.667  INFO 11296 --- [http-nio-8080-exec-9] c.c.b.controllers.BookController         : OK: Books return with succes.
2020-05-10 22:08:46.312  INFO 11296 --- [http-nio-8080-exec-2] c.c.b.controllers.BookController         : OK: Books return with succes.
2020-05-10 22:08:47.250  INFO 11296 --- [http-nio-8080-exec-6] c.c.b.controllers.BookController         : OK: Book with id 4 found.
2020-05-10 22:09:43.198  INFO 11296 --- [http-nio-8080-exec-8] c.c.b.controllers.BookController         : OK: Books return with succes.
2020-05-10 22:09:44.143  INFO 11296 --- [http-nio-8080-exec-7] c.c.b.controllers.BookController         : OK: Book with id 5 found.
2020-05-10 22:09:45.440  INFO 11296 --- [http-nio-8080-exec-10] c.c.b.controllers.BookController         : OK: Books return with succes.
2020-05-10 22:09:50.169  INFO 11296 --- [http-nio-8080-exec-3] c.c.b.controllers.BookController         : OK: Book with id 5 found.
2020-05-10 22:09:51.306  INFO 11296 --- [http-nio-8080-exec-1] c.c.b.controllers.BookController         : OK: Books return with succes.
2020-05-10 22:09:52.570  INFO 11296 --- [http-nio-8080-exec-2] c.c.b.controllers.BookController         : OK: Book with id 4 found.
2020-05-10 22:15:36.852  INFO 11296 --- [http-nio-8080-exec-8] c.c.b.controllers.BookController         : OK: Book with id 4 found.
2020-05-10 22:16:10.929  INFO 11296 --- [http-nio-8080-exec-7] c.c.b.controllers.BookController         : OK: Book with id 4 found.
2020-05-10 22:17:12.825  INFO 11296 --- [http-nio-8080-exec-10] c.c.b.controllers.BookController         : OK: Book with id 4 found.
2020-05-10 22:19:36.170  INFO 11296 --- [http-nio-8080-exec-1] c.c.b.controllers.BookController         : OK: Books return with succes.
2020-05-10 22:19:39.214  INFO 11296 --- [http-nio-8080-exec-6] c.c.b.controllers.BookController         : OK: Books return with succes.
2020-05-10 22:19:39.990  INFO 11296 --- [http-nio-8080-exec-4] c.c.b.controllers.BookController         : OK: Book with id 4 found.
2020-05-10 22:19:41.482  INFO 11296 --- [http-nio-8080-exec-7] c.c.b.controllers.BookController         : OK: Books return with succes.
2020-05-10 22:19:42.490  INFO 11296 --- [http-nio-8080-exec-5] c.c.b.controllers.BookController         : OK: Book with id 5 found.
2020-05-10 22:19:43.274  INFO 11296 --- [http-nio-8080-exec-3] c.c.b.controllers.BookController         : OK: Books return with succes.
2020-05-10 22:19:45.367  INFO 11296 --- [http-nio-8080-exec-1] c.c.b.controllers.BookController         : OK: Books return with succes.
2020-05-10 22:20:58.042  INFO 11296 --- [http-nio-8080-exec-4] c.c.b.controllers.BookController         : OK: Book with id 5 found.
2020-05-10 22:21:00.807  INFO 11296 --- [http-nio-8080-exec-7] c.c.b.controllers.BookController         : OK: Books return with succes.
2020-05-10 22:21:01.820  INFO 11296 --- [http-nio-8080-exec-5] c.c.b.controllers.BookController         : OK: Book with id 4 found.
2020-05-10 22:21:03.185  INFO 11296 --- [http-nio-8080-exec-3] c.c.b.controllers.BookController         : OK: Books return with succes.
2020-05-10 22:21:05.329  INFO 11296 --- [http-nio-8080-exec-1] c.c.b.controllers.BookController         : OK: Books return with succes.
2020-05-10 22:21:06.355  INFO 11296 --- [http-nio-8080-exec-2] c.c.b.controllers.BookController         : OK: Book with id 5 found.
2020-05-10 22:21:07.257  INFO 11296 --- [http-nio-8080-exec-4] c.c.b.controllers.BookController         : OK: Books return with succes.
2020-05-10 22:21:08.513  INFO 11296 --- [http-nio-8080-exec-8] c.c.b.controllers.BookController         : OK: Book with id 5 found.
2020-05-10 22:21:09.249  INFO 11296 --- [http-nio-8080-exec-5] c.c.b.controllers.BookController         : OK: Books return with succes.
2020-05-10 22:21:29.846  INFO 11296 --- [http-nio-8080-exec-10] c.c.b.controllers.BookController         : OK: Book with id 5 found.
2020-05-10 22:21:58.071  INFO 11296 --- [http-nio-8080-exec-9] c.c.b.controllers.BookController         : OK: Books return with succes.
2020-05-10 22:21:58.933  INFO 11296 --- [http-nio-8080-exec-1] c.c.b.controllers.BookController         : OK: Book with id 4 found.
2020-05-10 22:22:01.370  INFO 11296 --- [http-nio-8080-exec-6] c.c.b.controllers.BookController         : OK: Books return with succes.
2020-05-10 22:25:51.690  INFO 11296 --- [http-nio-8080-exec-5] c.c.b.controllers.BookController         : OK: Books return with succes.
2020-05-10 22:27:25.430  INFO 11296 --- [http-nio-8080-exec-1] c.c.b.controllers.BookController         : OK: Books return with succes.
2020-05-10 22:27:27.106  INFO 11296 --- [http-nio-8080-exec-6] c.c.b.controllers.BookController         : OK: Books return with succes.
2020-05-10 22:29:09.173  INFO 11296 --- [http-nio-8080-exec-5] c.c.b.controllers.BookController         : OK: Books return with succes.
2020-05-10 22:29:10.607  INFO 11296 --- [http-nio-8080-exec-10] c.c.b.controllers.BookController         : OK: Books return with succes.
2020-05-10 22:29:11.284  INFO 11296 --- [http-nio-8080-exec-9] c.c.b.controllers.BookController         : OK: Books return with succes.
2020-05-10 22:29:12.081  INFO 11296 --- [http-nio-8080-exec-6] c.c.b.controllers.BookController         : OK: Books return with succes.
2020-05-10 22:29:12.750  INFO 11296 --- [http-nio-8080-exec-4] c.c.b.controllers.BookController         : OK: Books return with succes.
2020-05-10 22:29:13.395  INFO 11296 --- [http-nio-8080-exec-5] c.c.b.controllers.BookController         : OK: Books return with succes.
2020-05-10 22:29:19.134  INFO 11296 --- [http-nio-8080-exec-3] c.c.b.controllers.BookController         : OK: Books return with succes.
2020-05-10 22:29:19.877  INFO 11296 --- [http-nio-8080-exec-1] c.c.b.controllers.BookController         : OK: Books return with succes.
2020-05-10 22:29:32.457  INFO 11296 --- [http-nio-8080-exec-2] c.c.b.controllers.BookController         : OK: Book with id 4 found.
2020-05-10 22:29:38.463  INFO 11296 --- [http-nio-8080-exec-8] c.c.b.controllers.BookController         : OK: Books return with succes.
2020-05-10 22:30:19.432  INFO 11296 --- [http-nio-8080-exec-9] c.c.b.controllers.BookController         : OK: Books return with succes.
2020-05-10 22:31:02.409  INFO 11296 --- [http-nio-8080-exec-2] c.c.b.controllers.BookController         : OK: Books return with succes.
2020-05-10 22:31:03.064  INFO 11296 --- [http-nio-8080-exec-8] c.c.b.controllers.BookController         : OK: Books return with succes.
2020-05-10 22:31:03.714  INFO 11296 --- [http-nio-8080-exec-7] c.c.b.controllers.BookController         : OK: Books return with succes.
2020-05-10 22:31:04.550  INFO 11296 --- [http-nio-8080-exec-10] c.c.b.controllers.BookController         : OK: Books return with succes.
2020-05-10 22:31:05.086  INFO 11296 --- [http-nio-8080-exec-3] c.c.b.controllers.BookController         : OK: Book with id 5 found.
2020-05-10 22:33:02.113  INFO 11296 --- [http-nio-8080-exec-6] c.c.b.controllers.BookController         : OK: Books return with succes.
2020-05-10 22:33:18.184  INFO 11296 --- [http-nio-8080-exec-4] c.c.b.controllers.BookController         : OK: Books return with succes.
2020-05-10 22:33:20.383  INFO 11296 --- [http-nio-8080-exec-5] c.c.b.controllers.BookController         : OK: Books return with succes.
2020-05-10 22:33:52.567  INFO 11296 --- [http-nio-8080-exec-10] c.c.b.controllers.BookController         : OK: Book with id 4 found.
2020-05-10 22:33:55.622  INFO 11296 --- [http-nio-8080-exec-9] c.c.b.controllers.BookController         : OK: Books return with succes.
2020-05-10 22:35:11.290  INFO 11296 --- [http-nio-8080-exec-8] c.c.b.controllers.BookController         : OK: Books return with succes.
